<html>
<head>
<title>TestNG:  allTests</title>
<link href="../testng.css" rel="stylesheet" type="text/css" />
<link href="../my-testng.css" rel="stylesheet" type="text/css" />

<style type="text/css">
.log { display: none;} 
.stack-trace { display: none;} 
</style>
<script type="text/javascript">
<!--
function flip(e) {
  current = e.style.display;
  if (current == 'block') {
    e.style.display = 'none';
    return 0;
  }
  else {
    e.style.display = 'block';
    return 1;
  }
}

function toggleBox(szDivId, elem, msg1, msg2)
{
  var res = -1;  if (document.getElementById) {
    res = flip(document.getElementById(szDivId));
  }
  else if (document.all) {
    // this is the way old msie versions work
    res = flip(document.all[szDivId]);
  }
  if(elem) {
    if(res == 0) elem.innerHTML = msg1; else elem.innerHTML = msg2;
  }

}

function toggleAllBoxes() {
  if (document.getElementsByTagName) {
    d = document.getElementsByTagName('div');
    for (i = 0; i < d.length; i++) {
      if (d[i].className == 'log') {
        flip(d[i]);
      }
    }
  }
}

// -->
</script>

</head>
<body>
<h2 align='center'>allTests</h2><table border='1' align="center">
<tr>
<td>Tests passed/Failed/Skipped:</td><td>45/0/1</td>
</tr><tr>
<td>Started on:</td><td>Wed Mar 01 19:05:03 EST 2023</td>
</tr>
<tr><td>Total time:</td><td>626 seconds (626450 ms)</td>
</tr><tr>
<td>Included groups:</td><td>all </td>
</tr><tr>
<td>Excluded groups:</td><td></td>
</tr>
</table><p/>
<small><i>(Hover the method name to see the test class name)</i></small><p/>
<table width='100%' border='1' class='invocation-passed'>
<tr><td colspan='4' align='center'><b>PASSED TESTS</b></td></tr>
<tr><td><b>Test method</b></td>
<td><b>Attribute(s)</b></td>
<td width="30%"><b>Exception</b></td>
<td width="10%"><b>Time (seconds)</b></td>
<td><b>Instance</b></td>
</tr>
<tr>
<td title='testing.LoginTest.validUserNameAndValidPassword1()'><b>validUserNameAndValidPassword1</b><br>Test class: testing.LoginTest</td>
<td></td>
<td>4</td>
<td>testing.LoginTest@4a883b15</td></tr>
<tr>
<td title='testing.ShopTest.calculateTaxRate11()'><b>calculateTaxRate11</b><br>Test class: testing.ShopTest</td>
<td></td>
<td>9</td>
<td>testing.ShopTest@7b36aa0c</td></tr>
<tr>
<td title='testing.MyAccountTest.checkDashboardLink1()'><b>checkDashboardLink1</b><br>Test class: testing.MyAccountTest</td>
<td></td>
<td>3</td>
<td>testing.MyAccountTest@54a7079e</td></tr>
<tr>
<td title='testing.HomePageTest.arrivalImageReview()'><b>arrivalImageReview</b><br>Test class: testing.HomePageTest</td>
<td></td>
<td>5</td>
<td>testing.HomePageTest@3012646b</td></tr>
<tr>
<td title='testing.MyAccountTest.editShippingAddressCheck6()'><b>editShippingAddressCheck6</b><br>Test class: testing.MyAccountTest</td>
<td></td>
<td>10</td>
<td>testing.MyAccountTest@54a7079e</td></tr>
<tr>
<td title='testing.ShopTest.saleFunctionality8()'><b>saleFunctionality8</b><br>Test class: testing.ShopTest</td>
<td></td>
<td>5</td>
<td>testing.ShopTest@7b36aa0c</td></tr>
<tr>
<td title='testing.MyAccountTest.addressFunctionalityCheck5()'><b>addressFunctionalityCheck5</b><br>Test class: testing.MyAccountTest</td>
<td></td>
<td>6</td>
<td>testing.MyAccountTest@54a7079e</td></tr>
<tr>
<td title='testing.ShopTest.baskedFunctionality9()'><b>baskedFunctionality9</b><br>Test class: testing.ShopTest</td>
<td></td>
<td>14</td>
<td>testing.ShopTest@7b36aa0c</td></tr>
<tr>
<td title='testing.LoginTest.loginAuthentication8()'><b>loginAuthentication8</b><br>Test class: testing.LoginTest</td>
<td></td>
<td>8</td>
<td>testing.LoginTest@4a883b15</td></tr>
<tr>
<td title='testing.MyAccountTest.checkViewOrderLink2()'><b>checkViewOrderLink2</b><br>Test class: testing.MyAccountTest</td>
<td></td>
<td>8</td>
<td>testing.MyAccountTest@54a7079e</td></tr>
<tr>
<td title='testing.RegistrationTest.registrationWithInvalidEmailAddress2()'><b>registrationWithInvalidEmailAddress2</b><br>Test class: testing.RegistrationTest</td>
<td></td>
<td>5</td>
<td>testing.RegistrationTest@25641d39</td></tr>
<tr>
<td title='testing.HomePageTest.checkOutTitle()'><b>checkOutTitle</b><br>Test class: testing.HomePageTest</td>
<td></td>
<td>8</td>
<td>testing.HomePageTest@3012646b</td></tr>
<tr>
<td title='testing.RegistrationTest.signInTest1()'><b>signInTest1</b><br>Test class: testing.RegistrationTest</td>
<td></td>
<td>6</td>
<td>testing.RegistrationTest@25641d39</td></tr>
<tr>
<td title='testing.HomePageTest.addToBasket()'><b>addToBasket</b><br>Test class: testing.HomePageTest</td>
<td></td>
<td>15</td>
<td>testing.HomePageTest@3012646b</td></tr>
<tr>
<td title='testing.HomePageTest.couponApply()'><b>couponApply</b><br>Test class: testing.HomePageTest</td>
<td></td>
<td>8</td>
<td>testing.HomePageTest@3012646b</td></tr>
<tr>
<td title='testing.ShopTest.readMoreFunctionality7()'><b>readMoreFunctionality7</b><br>Test class: testing.ShopTest</td>
<td></td>
<td>4</td>
<td>testing.ShopTest@7b36aa0c</td></tr>
<tr>
<td title='testing.HomePageTest.removeItem()'><b>removeItem</b><br>Test class: testing.HomePageTest</td>
<td></td>
<td>7</td>
<td>testing.HomePageTest@3012646b</td></tr>
<tr>
<td title='testing.LoginTest.emptyUserNameAndCorrectPassword4()'><b>emptyUserNameAndCorrectPassword4</b><br>Test class: testing.LoginTest</td>
<td></td>
<td>4</td>
<td>testing.LoginTest@4a883b15</td></tr>
<tr>
<td title='testing.MyAccountTest.checkViewOrderLinkDetails3()'><b>checkViewOrderLinkDetails3</b><br>Test class: testing.MyAccountTest</td>
<td></td>
<td>9</td>
<td>testing.MyAccountTest@54a7079e</td></tr>
<tr>
<td title='testing.LoginTest.correctUserNameAndEmptyPassword3()'><b>correctUserNameAndEmptyPassword3</b><br>Test class: testing.LoginTest</td>
<td></td>
<td>4</td>
<td>testing.LoginTest@4a883b15</td></tr>
<tr>
<td title='testing.RegistrationTest.emptyPasswordAndEmptyUserName5()'><b>emptyPasswordAndEmptyUserName5</b><br>Test class: testing.RegistrationTest</td>
<td></td>
<td>3</td>
<td>testing.RegistrationTest@25641d39</td></tr>
<tr>
<td title='testing.HomePageTest.checkOverLoadedOrder7()'><b>checkOverLoadedOrder7</b><br>Test class: testing.HomePageTest</td>
<td></td>
<td>6</td>
<td>testing.HomePageTest@3012646b</td></tr>
<tr>
<td title='testing.ShopTest.sortByPopularity3()'><b>sortByPopularity3</b><br>Test class: testing.ShopTest</td>
<td></td>
<td>4</td>
<td>testing.ShopTest@7b36aa0c</td></tr>
<tr>
<td title='testing.LoginTest.incorrectUserNameAndIncorrectPassword2()'><b>incorrectUserNameAndIncorrectPassword2</b><br>Test class: testing.LoginTest</td>
<td></td>
<td>4</td>
<td>testing.LoginTest@4a883b15</td></tr>
<tr>
<td title='testing.MyAccountTest.logoutCheck8()'><b>logoutCheck8</b><br>Test class: testing.MyAccountTest</td>
<td></td>
<td>6</td>
<td>testing.MyAccountTest@54a7079e</td></tr>
<tr>
<td title='testing.ShopTest.sortByDate5()'><b>sortByDate5</b><br>Test class: testing.ShopTest</td>
<td></td>
<td>5</td>
<td>testing.ShopTest@7b36aa0c</td></tr>
<tr>
<td title='testing.ShopTest.highToLow6()'><b>highToLow6</b><br>Test class: testing.ShopTest</td>
<td></td>
<td>5</td>
<td>testing.ShopTest@7b36aa0c</td></tr>
<tr>
<td title='testing.RegistrationTest.emptyEmailId3()'><b>emptyEmailId3</b><br>Test class: testing.RegistrationTest</td>
<td></td>
<td>4</td>
<td>testing.RegistrationTest@25641d39</td></tr>
<tr>
<td title='testing.HomePageTest.arrivalsShouldNavigate3()'><b>arrivalsShouldNavigate3</b><br>Test class: testing.HomePageTest</td>
<td></td>
<td>12</td>
<td>testing.HomePageTest@3012646b</td></tr>
<tr>
<td title='testing.LoginTest.passwordShouldBeMasked6()'><b>passwordShouldBeMasked6</b><br>Test class: testing.LoginTest</td>
<td></td>
<td>2</td>
<td>testing.LoginTest@4a883b15</td></tr>
<tr>
<td title='testing.HomePageTest.arrivalsImageDescription4()'><b>arrivalsImageDescription4</b><br>Test class: testing.HomePageTest</td>
<td></td>
<td>3</td>
<td>testing.HomePageTest@3012646b</td></tr>
<tr>
<td title='testing.HomePageTest.threeArrivalsOnly2()'><b>threeArrivalsOnly2</b><br>Test class: testing.HomePageTest</td>
<td></td>
<td>20</td>
<td>testing.HomePageTest@3012646b</td></tr>
<tr>
<td title='testing.LoginTest.emptyUserNameAndemptyPassword5()'><b>emptyUserNameAndemptyPassword5</b><br>Test class: testing.LoginTest</td>
<td></td>
<td>4</td>
<td>testing.LoginTest@4a883b15</td></tr>
<tr>
<td title='testing.ShopTest.sortByAverage4()'><b>sortByAverage4</b><br>Test class: testing.ShopTest</td>
<td></td>
<td>6</td>
<td>testing.ShopTest@7b36aa0c</td></tr>
<tr>
<td title='testing.MyAccountTest.checkStatusDateDetails4()'><b>checkStatusDateDetails4</b><br>Test class: testing.MyAccountTest</td>
<td></td>
<td>7</td>
<td>testing.MyAccountTest@54a7079e</td></tr>
<tr>
<td title='testing.RegistrationTest.emptyPassword4()'><b>emptyPassword4</b><br>Test class: testing.RegistrationTest</td>
<td></td>
<td>3</td>
<td>testing.RegistrationTest@25641d39</td></tr>
<tr>
<td title='testing.ShopTest.orderConfirmation10()'><b>orderConfirmation10</b><br>Test class: testing.ShopTest</td>
<td></td>
<td>17</td>
<td>testing.ShopTest@7b36aa0c</td></tr>
<tr>
<td title='testing.HomePageTest.checkTotalAtCheckoutPage()'><b>checkTotalAtCheckoutPage</b><br>Test class: testing.HomePageTest</td>
<td></td>
<td>8</td>
<td>testing.HomePageTest@3012646b</td></tr>
<tr>
<td title='testing.ShopTest.checkPriceRange2()'><b>checkPriceRange2</b><br>Test class: testing.ShopTest</td>
<td></td>
<td>4</td>
<td>testing.ShopTest@7b36aa0c</td></tr>
<tr>
<td title='testing.MyAccountTest.accountDetailsFunctionCheck7()'><b>accountDetailsFunctionCheck7</b><br>Test class: testing.MyAccountTest</td>
<td></td>
<td>6</td>
<td>testing.MyAccountTest@54a7079e</td></tr>
<tr>
<td title='testing.HomePageTest.updatebasket()'><b>updatebasket</b><br>Test class: testing.HomePageTest</td>
<td></td>
<td>7</td>
<td>testing.HomePageTest@3012646b</td></tr>
<tr>
<td title='testing.LoginTest.handlesCaseSensitive7()'><b>handlesCaseSensitive7</b><br>Test class: testing.LoginTest</td>
<td></td>
<td>4</td>
<td>testing.LoginTest@4a883b15</td></tr>
<tr>
<td title='testing.HomePageTest.couponApplyLessThan450()'><b>couponApplyLessThan450</b><br>Test class: testing.HomePageTest</td>
<td></td>
<td>7</td>
<td>testing.HomePageTest@3012646b</td></tr>
<tr>
<td title='testing.HomePageTest.threeSlidersOnly1()'><b>threeSlidersOnly1</b><br>Test class: testing.HomePageTest</td>
<td></td>
<td>4</td>
<td>testing.HomePageTest@3012646b</td></tr>
<tr>
<td title='testing.ShopTest.filterByPriceFinctionality1()'><b>filterByPriceFinctionality1</b><br>Test class: testing.ShopTest</td>
<td></td>
<td>4</td>
<td>testing.ShopTest@7b36aa0c</td></tr>
</table><p>
<table width='100%' border='1' class='invocation-skipped'>
<tr><td colspan='4' align='center'><b>SKIPPED TESTS</b></td></tr>
<tr><td><b>Test method</b></td>
<td><b>Attribute(s)</b></td>
<td width="30%"><b>Exception</b></td>
<td width="10%"><b>Time (seconds)</b></td>
<td><b>Instance</b></td>
</tr>
<tr>
<td title='testing.ShopTest.saleFunctionality8()'><b>saleFunctionality8</b><br>Test class: testing.ShopTest</td>
<td><div><pre>org.openqa.selenium.TimeoutException: Expected condition failed: waiting for element to be clickable: Proxy element for: DefaultElementLocator &apos;By.xpath: //ul[@class=&apos;products masonry-done&apos;]/li/a/span&apos; (tried for 7 second(s) with 500 milliseconds interval)
	at org.openqa.selenium.support.ui.WebDriverWait.timeoutException(WebDriverWait.java:95)
	at org.openqa.selenium.support.ui.FluentWait.until(FluentWait.java:272)
	at util.CommonMethods.click(CommonMethods.java:19)
	at testing.ShopTest.saleFunctionality8(ShopTest.java:88)
	at java.base/java.util.ArrayList.forEach(ArrayList.java:1511)
Caused by: org.openqa.selenium.NoSuchElementException: Unable to locate element: //ul[@class=&apos;products masonry-done&apos;]/li/a/span
For documentation on this error, please visit: https://www.seleniumhq.org/exceptions/no_such_element.html
Build info: version: &apos;3.141.59&apos;, revision: &apos;e82be7d358&apos;, time: &apos;2018-11-14T08:17:03&apos;
System info: host: &apos;DESKTOP-P52I1HH&apos;, ip: &apos;192.168.1.210&apos;, os.name: &apos;Windows 10&apos;, os.arch: &apos;amd64&apos;, os.version: &apos;10.0&apos;, java.version: &apos;17.0.4.1&apos;
Driver info: org.openqa.selenium.firefox.FirefoxDriver
Capabilities {acceptInsecureCerts: true, browserName: firefox, browserVersion: 110.0, javascriptEnabled: true, moz:accessibilityChecks: false, moz:buildID: 20230214051806, moz:geckodriverVersion: 0.32.2, moz:headless: false, moz:platformVersion: 10.0, moz:processID: 15720, moz:profile: C:\Users\Enkhb\AppData\Loca..., moz:shutdownTimeout: 60000, moz:useNonSpecCompliantPointerOrigin: false, moz:webdriverClick: true, moz:windowless: false, pageLoadStrategy: normal, platform: WINDOWS, platformName: WINDOWS, proxy: Proxy(), setWindowRect: true, strictFileInteractability: false, timeouts: {implicit: 0, pageLoad: 300000, script: 30000}, unhandledPromptBehavior: dismiss and notify}
Session ID: ec5848b0-5d38-4aee-bd8d-bbca39d09f7e
*** Element info: {Using=xpath, value=//ul[@class=&apos;products masonry-done&apos;]/li/a/span}
	at org.openqa.selenium.remote.http.W3CHttpResponseCodec.createException(W3CHttpResponseCodec.java:187)
	at org.openqa.selenium.remote.http.W3CHttpResponseCodec.decode(W3CHttpResponseCodec.java:122)
	at org.openqa.selenium.remote.http.W3CHttpResponseCodec.decode(W3CHttpResponseCodec.java:49)
	at org.openqa.selenium.remote.HttpCommandExecutor.execute(HttpCommandExecutor.java:158)
	at org.openqa.selenium.remote.service.DriverCommandExecutor.execute(DriverCommandExecutor.java:83)
	at org.openqa.selenium.remote.RemoteWebDriver.execute(RemoteWebDriver.java:552)
	at org.openqa.selenium.remote.RemoteWebDriver.findElement(RemoteWebDriver.java:323)
	at org.openqa.selenium.remote.RemoteWebDriver.findElementByXPath(RemoteWebDriver.java:428)
	at org.openqa.selenium.By$ByXPath.findElement(By.java:353)
	at org.openqa.selenium.remote.RemoteWebDriver.findElement(RemoteWebDriver.java:315)
	at org.openqa.selenium.support.pagefactory.DefaultElementLocator.findElement(DefaultElementLocator.java:69)
	at org.openqa.selenium.support.pagefactory.internal.LocatingElementHandler.invoke(LocatingElementHandler.java:38)
	at jdk.proxy2/jdk.proxy2.$Proxy11.isDisplayed(Unknown Source)
	at org.openqa.selenium.support.ui.ExpectedConditions.elementIfVisible(ExpectedConditions.java:314)
	at org.openqa.selenium.support.ui.ExpectedConditions.access$000(ExpectedConditions.java:43)
	at org.openqa.selenium.support.ui.ExpectedConditions$10.apply(ExpectedConditions.java:300)
	at org.openqa.selenium.support.ui.ExpectedConditions$10.apply(ExpectedConditions.java:297)
	at org.openqa.selenium.support.ui.ExpectedConditions$23.apply(ExpectedConditions.java:670)
	at org.openqa.selenium.support.ui.ExpectedConditions$23.apply(ExpectedConditions.java:666)
	at org.openqa.selenium.support.ui.FluentWait.until(FluentWait.java:249)
	... 30 more
... Removed 31 stack frames</pre></div><a href='#' onClick='toggleBox("stack-trace1780175271", this, "Click to show all stack frames", "Click to hide stack frames")'>Click to show all stack frames</a>
<div class='stack-trace' id='stack-trace1780175271'><pre>org.openqa.selenium.TimeoutException: Expected condition failed: waiting for element to be clickable: Proxy element for: DefaultElementLocator &apos;By.xpath: //ul[@class=&apos;products masonry-done&apos;]/li/a/span&apos; (tried for 7 second(s) with 500 milliseconds interval)
	at org.openqa.selenium.support.ui.WebDriverWait.timeoutException(WebDriverWait.java:95)
	at org.openqa.selenium.support.ui.FluentWait.until(FluentWait.java:272)
	at util.CommonMethods.click(CommonMethods.java:19)
	at testing.ShopTest.saleFunctionality8(ShopTest.java:88)
	at java.base/jdk.internal.reflect.NativeMethodAccessorImpl.invoke0(Native Method)
	at java.base/jdk.internal.reflect.NativeMethodAccessorImpl.invoke(NativeMethodAccessorImpl.java:77)
	at java.base/jdk.internal.reflect.DelegatingMethodAccessorImpl.invoke(DelegatingMethodAccessorImpl.java:43)
	at java.base/java.lang.reflect.Method.invoke(Method.java:568)
	at org.testng.internal.invokers.MethodInvocationHelper.invokeMethod(MethodInvocationHelper.java:139)
	at org.testng.internal.invokers.TestInvoker.invokeMethod(TestInvoker.java:677)
	at org.testng.internal.invokers.TestInvoker.invokeTestMethod(TestInvoker.java:221)
	at org.testng.internal.invokers.MethodRunner.runInSequence(MethodRunner.java:50)
	at org.testng.internal.invokers.TestInvoker$MethodInvocationAgent.invoke(TestInvoker.java:969)
	at org.testng.internal.invokers.TestInvoker.invokeTestMethods(TestInvoker.java:194)
	at org.testng.internal.invokers.TestMethodWorker.invokeTestMethods(TestMethodWorker.java:148)
	at org.testng.internal.invokers.TestMethodWorker.run(TestMethodWorker.java:128)
	at java.base/java.util.ArrayList.forEach(ArrayList.java:1511)
	at org.testng.TestRunner.privateRun(TestRunner.java:829)
	at org.testng.TestRunner.run(TestRunner.java:602)
	at org.testng.SuiteRunner.runTest(SuiteRunner.java:437)
	at org.testng.SuiteRunner.runSequentially(SuiteRunner.java:431)
	at org.testng.SuiteRunner.privateRun(SuiteRunner.java:391)
	at org.testng.SuiteRunner.run(SuiteRunner.java:330)
	at org.testng.SuiteRunnerWorker.runSuite(SuiteRunnerWorker.java:52)
	at org.testng.SuiteRunnerWorker.run(SuiteRunnerWorker.java:95)
	at org.testng.TestNG.runSuitesSequentially(TestNG.java:1256)
	at org.testng.TestNG.runSuitesLocally(TestNG.java:1176)
	at org.testng.TestNG.runSuites(TestNG.java:1099)
	at org.testng.TestNG.run(TestNG.java:1067)
	at org.testng.remote.AbstractRemoteTestNG.run(AbstractRemoteTestNG.java:115)
	at org.testng.remote.RemoteTestNG.initAndRun(RemoteTestNG.java:251)
	at org.testng.remote.RemoteTestNG.main(RemoteTestNG.java:77)
Caused by: org.openqa.selenium.NoSuchElementException: Unable to locate element: //ul[@class=&apos;products masonry-done&apos;]/li/a/span
For documentation on this error, please visit: https://www.seleniumhq.org/exceptions/no_such_element.html
Build info: version: &apos;3.141.59&apos;, revision: &apos;e82be7d358&apos;, time: &apos;2018-11-14T08:17:03&apos;
System info: host: &apos;DESKTOP-P52I1HH&apos;, ip: &apos;192.168.1.210&apos;, os.name: &apos;Windows 10&apos;, os.arch: &apos;amd64&apos;, os.version: &apos;10.0&apos;, java.version: &apos;17.0.4.1&apos;
Driver info: org.openqa.selenium.firefox.FirefoxDriver
Capabilities {acceptInsecureCerts: true, browserName: firefox, browserVersion: 110.0, javascriptEnabled: true, moz:accessibilityChecks: false, moz:buildID: 20230214051806, moz:geckodriverVersion: 0.32.2, moz:headless: false, moz:platformVersion: 10.0, moz:processID: 15720, moz:profile: C:\Users\Enkhb\AppData\Loca..., moz:shutdownTimeout: 60000, moz:useNonSpecCompliantPointerOrigin: false, moz:webdriverClick: true, moz:windowless: false, pageLoadStrategy: normal, platform: WINDOWS, platformName: WINDOWS, proxy: Proxy(), setWindowRect: true, strictFileInteractability: false, timeouts: {implicit: 0, pageLoad: 300000, script: 30000}, unhandledPromptBehavior: dismiss and notify}
Session ID: ec5848b0-5d38-4aee-bd8d-bbca39d09f7e
*** Element info: {Using=xpath, value=//ul[@class=&apos;products masonry-done&apos;]/li/a/span}
	at jdk.internal.reflect.GeneratedConstructorAccessor22.newInstance(Unknown Source)
	at java.base/jdk.internal.reflect.DelegatingConstructorAccessorImpl.newInstance(DelegatingConstructorAccessorImpl.java:45)
	at java.base/java.lang.reflect.Constructor.newInstanceWithCaller(Constructor.java:499)
	at java.base/java.lang.reflect.Constructor.newInstance(Constructor.java:480)
	at org.openqa.selenium.remote.http.W3CHttpResponseCodec.createException(W3CHttpResponseCodec.java:187)
	at org.openqa.selenium.remote.http.W3CHttpResponseCodec.decode(W3CHttpResponseCodec.java:122)
	at org.openqa.selenium.remote.http.W3CHttpResponseCodec.decode(W3CHttpResponseCodec.java:49)
	at org.openqa.selenium.remote.HttpCommandExecutor.execute(HttpCommandExecutor.java:158)
	at org.openqa.selenium.remote.service.DriverCommandExecutor.execute(DriverCommandExecutor.java:83)
	at org.openqa.selenium.remote.RemoteWebDriver.execute(RemoteWebDriver.java:552)
	at org.openqa.selenium.remote.RemoteWebDriver.findElement(RemoteWebDriver.java:323)
	at org.openqa.selenium.remote.RemoteWebDriver.findElementByXPath(RemoteWebDriver.java:428)
	at org.openqa.selenium.By$ByXPath.findElement(By.java:353)
	at org.openqa.selenium.remote.RemoteWebDriver.findElement(RemoteWebDriver.java:315)
	at org.openqa.selenium.support.pagefactory.DefaultElementLocator.findElement(DefaultElementLocator.java:69)
	at org.openqa.selenium.support.pagefactory.internal.LocatingElementHandler.invoke(LocatingElementHandler.java:38)
	at jdk.proxy2/jdk.proxy2.$Proxy11.isDisplayed(Unknown Source)
	at org.openqa.selenium.support.ui.ExpectedConditions.elementIfVisible(ExpectedConditions.java:314)
	at org.openqa.selenium.support.ui.ExpectedConditions.access$000(ExpectedConditions.java:43)
	at org.openqa.selenium.support.ui.ExpectedConditions$10.apply(ExpectedConditions.java:300)
	at org.openqa.selenium.support.ui.ExpectedConditions$10.apply(ExpectedConditions.java:297)
	at org.openqa.selenium.support.ui.ExpectedConditions$23.apply(ExpectedConditions.java:670)
	at org.openqa.selenium.support.ui.ExpectedConditions$23.apply(ExpectedConditions.java:666)
	at org.openqa.selenium.support.ui.FluentWait.until(FluentWait.java:249)
	... 30 more
</pre></div></td>
<td>12</td>
<td>testing.ShopTest@7b36aa0c</td></tr>
</table><p>
</body>
</html>