<?xml version="1.0" encoding="UTF-8"?>
<!-- Generated by org.testng.reporters.JUnitXMLReporter -->
<testsuite ignored="0" hostname="DESKTOP-P52I1HH" failures="1" tests="21" name="Tester" time="283.369" errors="0" timestamp="2023-02-23T21:19:10 EST">
  <testcase classname="testing.MyAccountTest" name="accountDetailsFunctionCheck7" time="6.138"/>
  <testcase classname="testing.MyAccountTest" name="addressFunctionalityCheck5" time="6.774"/>
  <testcase classname="testing.MyAccountTest" name="checkDashboardLink1" time="4.106"/>
  <testcase classname="testing.MyAccountTest" name="checkStatusDateDetails4" time="8.463"/>
  <testcase classname="testing.MyAccountTest" name="checkViewOrderLink2" time="8.609"/>
  <testcase classname="testing.MyAccountTest" name="checkViewOrderLinkDetails3" time="7.968"/>
  <testcase classname="testing.MyAccountTest" name="editShippingAddressCheck6" time="9.306"/>
  <testcase classname="testing.MyAccountTest" name="logoutCheck8" time="6.367"/>
  <testcase classname="testing.RegistrationTest" name="emptyEmailId3" time="5.953"/>
  <testcase classname="testing.RegistrationTest" name="emptyPassword4" time="4.008"/>
  <testcase classname="testing.RegistrationTest" name="emptyPasswordAndEmptyUserName5" time="3.351"/>
  <testcase classname="testing.RegistrationTest" name="registrationWithInvalidEmailAddress2" time="4.712"/>
  <testcase classname="testing.RegistrationTest" name="signInTest1" time="5.123"/>
  <testcase classname="testing.LoginTest" name="correctUserNameAndEmptyPassword3" time="3.231"/>
  <testcase classname="testing.LoginTest" name="emptyUserNameAndCorrectPassword4" time="3.544"/>
  <testcase classname="testing.LoginTest" name="emptyUserNameAndemptyPassword5" time="3.838"/>
  <testcase classname="testing.LoginTest" name="handlesCaseSensitive7" time="3.848"/>
  <testcase classname="testing.LoginTest" name="incorrectUserNameAndIncorrectPassword2" time="4.323"/>
  <testcase classname="testing.LoginTest" name="loginAuthentication8" time="53.168">
    <failure type="org.openqa.selenium.WebDriverException" message="unknown error: cannot determine loading status
from disconnected: unable to send message to renderer
  (Session info: chrome=110.0.5481.105)
Build info: version: &amp;apos;3.141.59&amp;apos;, revision: &amp;apos;e82be7d358&amp;apos;, time: &amp;apos;2018-11-14T08:17:03&amp;apos;
System info: host: &amp;apos;DESKTOP-P52I1HH&amp;apos;, ip: &amp;apos;192.168.1.210&amp;apos;, os.name: &amp;apos;Windows 10&amp;apos;, os.arch: &amp;apos;amd64&amp;apos;, os.version: &amp;apos;10.0&amp;apos;, java.version: &amp;apos;17.0.4.1&amp;apos;
Driver info: org.openqa.selenium.chrome.ChromeDriver
Capabilities {acceptInsecureCerts: false, browserName: chrome, browserVersion: 110.0.5481.105, chrome: {chromedriverVersion: 110.0.5481.77 (65ed616c6e8e..., userDataDir: C:\Users\Enkhb\AppData\Loca...}, goog:chromeOptions: {debuggerAddress: localhost:51239}, javascriptEnabled: true, networkConnectionEnabled: false, pageLoadStrategy: normal, platform: WINDOWS, platformName: WINDOWS, proxy: Proxy(), setWindowRect: true, strictFileInteractability: false, timeouts: {implicit: 0, pageLoad: 300000, script: 30000}, unhandledPromptBehavior: dismiss and notify, webauthn:extension:credBlob: true, webauthn:extension:largeBlob: true, webauthn:virtualAuthenticators: true}
Session ID: 13f389ea2932026345db57b05c6cfe0d">
      <![CDATA[org.openqa.selenium.WebDriverException: unknown error: cannot determine loading status
from disconnected: unable to send message to renderer
  (Session info: chrome=110.0.5481.105)
Build info: version: '3.141.59', revision: 'e82be7d358', time: '2018-11-14T08:17:03'
System info: host: 'DESKTOP-P52I1HH', ip: '192.168.1.210', os.name: 'Windows 10', os.arch: 'amd64', os.version: '10.0', java.version: '17.0.4.1'
Driver info: org.openqa.selenium.chrome.ChromeDriver
Capabilities {acceptInsecureCerts: false, browserName: chrome, browserVersion: 110.0.5481.105, chrome: {chromedriverVersion: 110.0.5481.77 (65ed616c6e8e..., userDataDir: C:\Users\Enkhb\AppData\Loca...}, goog:chromeOptions: {debuggerAddress: localhost:51239}, javascriptEnabled: true, networkConnectionEnabled: false, pageLoadStrategy: normal, platform: WINDOWS, platformName: WINDOWS, proxy: Proxy(), setWindowRect: true, strictFileInteractability: false, timeouts: {implicit: 0, pageLoad: 300000, script: 30000}, unhandledPromptBehavior: dismiss and notify, webauthn:extension:credBlob: true, webauthn:extension:largeBlob: true, webauthn:virtualAuthenticators: true}
Session ID: 13f389ea2932026345db57b05c6cfe0d
at org.openqa.selenium.remote.http.W3CHttpResponseCodec.createException(W3CHttpResponseCodec.java:187)
at org.openqa.selenium.remote.http.W3CHttpResponseCodec.decode(W3CHttpResponseCodec.java:122)
at org.openqa.selenium.remote.http.W3CHttpResponseCodec.decode(W3CHttpResponseCodec.java:49)
at org.openqa.selenium.remote.HttpCommandExecutor.execute(HttpCommandExecutor.java:158)
at org.openqa.selenium.remote.service.DriverCommandExecutor.execute(DriverCommandExecutor.java:83)
at org.openqa.selenium.remote.RemoteWebDriver.execute(RemoteWebDriver.java:552)
at org.openqa.selenium.remote.RemoteWebElement.execute(RemoteWebElement.java:285)
at org.openqa.selenium.remote.RemoteWebElement.click(RemoteWebElement.java:84)
at org.openqa.selenium.support.pagefactory.internal.LocatingElementHandler.invoke(LocatingElementHandler.java:51)
at jdk.proxy2/jdk.proxy2.$Proxy11.click(Unknown Source)
at util.CommonMethods.click(CommonMethods.java:15)
at testing.LoginTest.loginAuthentication8(LoginTest.java:69)
at java.base/java.util.ArrayList.forEach(ArrayList.java:1511)
... Removed 35 stack frames]]>
    </failure>
  </testcase> <!-- loginAuthentication8 -->
  <testcase classname="testing.LoginTest" name="passwordShouldBeMasked6" time="2.244"/>
  <testcase classname="testing.LoginTest" name="validUserNameAndValidPassword1" time="4.699"/>
</testsuite> <!-- Tester -->
